<?xml version="1.0" encoding="utf-8"?><testsuites name="pytest tests"><testsuite name="pytest" errors="0" failures="0" skipped="1" tests="20" time="1.651" timestamp="2026-04-28T05:22:18.796284+00:00" hostname="agent-env-52f78589-a3c2-431f-8c5c-ee633580e444"><testcase classname="backend.tests.test_leads.TestHealth" name="test_root" time="0.224" /><testcase classname="backend.tests.test_leads.TestHealth" name="test_health" time="0.062" /><testcase classname="backend.tests.test_leads.TestLeads" name="test_create_lead_success" time="0.068" /><testcase classname="backend.tests.test_leads.TestLeads" name="test_lead_persisted_in_list" time="0.060" /><testcase classname="backend.tests.test_leads.TestLeads" name="test_create_lead_invalid_email" time="0.056" /><testcase classname="backend.tests.test_leads.TestLeads" name="test_create_lead_missing_required" time="0.056" /><testcase classname="backend.tests.test_leads.TestLeads" name="test_create_lead_empty_strings" time="0.058" /><testcase classname="backend.tests.test_leads.TestCORS" name="test_cors_preflight" time="0.023" /><testcase classname="backend.tests.test_production_readiness.TestConfig" name="test_config_returns_flags" time="0.143" /><testcase classname="backend.tests.test_production_readiness.TestConfig" name="test_health_includes_lead_form_flag" time="0.052" /><testcase classname="backend.tests.test_production_readiness.TestFeedback" name="test_feedback_up_with_note" time="0.063" /><testcase classname="backend.tests.test_production_readiness.TestFeedback" name="test_feedback_down_no_note" time="0.047" /><testcase classname="backend.tests.test_production_readiness.TestFeedback" name="test_feedback_invalid_rating" time="0.046" /><testcase classname="backend.tests.test_production_readiness.TestFeedback" name="test_feedback_missing_page" time="0.051" /><testcase classname="backend.tests.test_production_readiness.TestErrors" name="test_error_report_persists" time="0.060" /><testcase classname="backend.tests.test_production_readiness.TestErrors" name="test_error_minimum_payload" time="0.047" /><testcase classname="backend.tests.test_production_readiness.TestLeadsRegression" name="test_create_lead_still_works" time="0.051" /><testcase classname="backend.tests.test_production_readiness.TestLeadsRegression" name="test_audit_log_written" time="0.301" /><testcase classname="backend.tests.test_production_readiness.TestLeadsRegression" name="test_control_character_stripping" time="0.049" /><testcase classname="backend.tests.test_production_readiness.TestRateLimit" name="test_eleventh_request_returns_429" time="0.001"><skipped type="pytest.skip" message="RATE_LIMIT_TEST=1 to enable (pollutes IP bucket)">/app/backend/tests/test_production_readiness.py:182: RATE_LIMIT_TEST=1 to enable (pollutes IP bucket)</skipped></testcase></testsuite></testsuites>