<?xml version="1.0" encoding="utf-8"?><testsuites name="pytest tests"><testsuite name="pytest" errors="0" failures="0" skipped="0" tests="8" time="0.824" timestamp="2026-04-28T02:12:50.045314+00:00" hostname="agent-env-52f78589-a3c2-431f-8c5c-ee633580e444"><testcase classname="backend.tests.test_leads.TestHealth" name="test_root" time="0.297" /><testcase classname="backend.tests.test_leads.TestHealth" name="test_health" time="0.057" /><testcase classname="backend.tests.test_leads.TestLeads" name="test_create_lead_success" time="0.059" /><testcase classname="backend.tests.test_leads.TestLeads" name="test_lead_persisted_in_list" time="0.054" /><testcase classname="backend.tests.test_leads.TestLeads" name="test_create_lead_invalid_email" time="0.049" /><testcase classname="backend.tests.test_leads.TestLeads" name="test_create_lead_missing_required" time="0.053" /><testcase classname="backend.tests.test_leads.TestLeads" name="test_create_lead_empty_strings" time="0.050" /><testcase classname="backend.tests.test_leads.TestCORS" name="test_cors_preflight" time="0.019" /></testsuite></testsuites>